Input Notebook:  /tmp/rpymill_nb20260605-953239-6anbnh/旅館宿泊数予測PoC.filtered.ipynb
Output Notebook: /home/h_ino/wsl-work/projects/inn-forecast/outputs/out_preprocess.ipynb
Executing:   0%|          | 0/9 [00:00<?, ?cell/s]Executing notebook with kernel: inn-forecast
Executing:  11%|█         | 1/9 [00:01<00:14,  1.81s/cell]Executing:  11%|█         | 1/9 [00:02<00:16,  2.03s/cell]
Traceback (most recent call last):
  File "/home/h_ino/wsl-work/projects/inn-forecast/.venv/bin/papermill", line 6, in <module>
    sys.exit(papermill())
             ^^^^^^^^^^^
  File "/home/h_ino/wsl-work/projects/inn-forecast/.venv/lib/python3.12/site-packages/click/core.py", line 1524, in __call__
    return self.main(*args, **kwargs)
           ^^^^^^^^^^^^^^^^^^^^^^^^^^
  File "/home/h_ino/wsl-work/projects/inn-forecast/.venv/lib/python3.12/site-packages/click/core.py", line 1445, in main
    rv = self.invoke(ctx)
         ^^^^^^^^^^^^^^^^
  File "/home/h_ino/wsl-work/projects/inn-forecast/.venv/lib/python3.12/site-packages/click/core.py", line 1308, in invoke
    return ctx.invoke(self.callback, **ctx.params)
           ^^^^^^^^^^^^^^^^^^^^^^^^^^^^^^^^^^^^^^^
  File "/home/h_ino/wsl-work/projects/inn-forecast/.venv/lib/python3.12/site-packages/click/core.py", line 877, in invoke
    return callback(*args, **kwargs)
           ^^^^^^^^^^^^^^^^^^^^^^^^^
  File "/home/h_ino/wsl-work/projects/inn-forecast/.venv/lib/python3.12/site-packages/click/decorators.py", line 34, in new_func
    return f(get_current_context(), *args, **kwargs)
           ^^^^^^^^^^^^^^^^^^^^^^^^^^^^^^^^^^^^^^^^^
  File "/home/h_ino/wsl-work/projects/inn-forecast/.venv/lib/python3.12/site-packages/papermill/cli.py", line 235, in papermill
    execute_notebook(
  File "/home/h_ino/wsl-work/projects/inn-forecast/.venv/lib/python3.12/site-packages/papermill/execute.py", line 131, in execute_notebook
    raise_for_execution_errors(nb, output_path)
  File "/home/h_ino/wsl-work/projects/inn-forecast/.venv/lib/python3.12/site-packages/papermill/execute.py", line 251, in raise_for_execution_errors
    raise error
papermill.exceptions.PapermillExecutionError: 
---------------------------------------------------------------------------
Exception encountered at "In [1]":
---------------------------------------------------------------------------
NameError                                 Traceback (most recent call last)
Cell In[1], line 2
      1 # 2. 共通のベースディレクトリを定義
----> 2 BASE_DIR = Path('/content/drive/MyDrive/010_OSS-Vision/010_事業/010-10_パートナー/島根県/DX推進/20260318セミナー/プログラム/040_事例紹介/旅館宿泊数予測PoC')

NameError: name 'Path' is not defined

