Input Notebook:  /tmp/rpymill_nb20260605-941518-npp6u7/旅館宿泊数予測PoC.filtered.ipynb
Output Notebook: /home/h_ino/wsl-work/projects/inn-forecast/outputs/out_preprocess.ipynb
Executing:   0%|          | 0/7 [00:00<?, ?cell/s]Executing notebook with kernel: inn-forecast
Executing:  14%|█▍        | 1/7 [00:01<00:11,  1.91s/cell]Executing:  29%|██▊       | 2/7 [00:05<00:14,  2.97s/cell]Executing:  43%|████▎     | 3/7 [00:06<00:07,  1.84s/cell]Executing:  43%|████▎     | 3/7 [00:06<00:08,  2.24s/cell]
Traceback (most recent call last):
  File "/home/h_ino/wsl-work/projects/inn-forecast/.venv/bin/papermill", line 6, in <module>
    sys.exit(papermill())
             ^^^^^^^^^^^
  File "/home/h_ino/wsl-work/projects/inn-forecast/.venv/lib/python3.12/site-packages/click/core.py", line 1524, in __call__
    return self.main(*args, **kwargs)
           ^^^^^^^^^^^^^^^^^^^^^^^^^^
  File "/home/h_ino/wsl-work/projects/inn-forecast/.venv/lib/python3.12/site-packages/click/core.py", line 1445, in main
    rv = self.invoke(ctx)
         ^^^^^^^^^^^^^^^^
  File "/home/h_ino/wsl-work/projects/inn-forecast/.venv/lib/python3.12/site-packages/click/core.py", line 1308, in invoke
    return ctx.invoke(self.callback, **ctx.params)
           ^^^^^^^^^^^^^^^^^^^^^^^^^^^^^^^^^^^^^^^
  File "/home/h_ino/wsl-work/projects/inn-forecast/.venv/lib/python3.12/site-packages/click/core.py", line 877, in invoke
    return callback(*args, **kwargs)
           ^^^^^^^^^^^^^^^^^^^^^^^^^
  File "/home/h_ino/wsl-work/projects/inn-forecast/.venv/lib/python3.12/site-packages/click/decorators.py", line 34, in new_func
    return f(get_current_context(), *args, **kwargs)
           ^^^^^^^^^^^^^^^^^^^^^^^^^^^^^^^^^^^^^^^^^
  File "/home/h_ino/wsl-work/projects/inn-forecast/.venv/lib/python3.12/site-packages/papermill/cli.py", line 235, in papermill
    execute_notebook(
  File "/home/h_ino/wsl-work/projects/inn-forecast/.venv/lib/python3.12/site-packages/papermill/execute.py", line 131, in execute_notebook
    raise_for_execution_errors(nb, output_path)
  File "/home/h_ino/wsl-work/projects/inn-forecast/.venv/lib/python3.12/site-packages/papermill/execute.py", line 251, in raise_for_execution_errors
    raise error
papermill.exceptions.PapermillExecutionError: 
---------------------------------------------------------------------------
Exception encountered at "In [3]":
---------------------------------------------------------------------------
FileNotFoundError                         Traceback (most recent call last)
Cell In[3], line 4
      1 # Step 2. データ取得（情報の取り込み）
      2 
      3 # データの読み込み（表形式でデータを取り込む）
----> 4 df_shimane_tourism = pd.read_csv(SHIMANE_TOURISM_FILE)
      5 df_shimane_stay = pd.read_csv(SHIMANE_STAY_FILE)
      6 df_shimane_trans = pd.read_csv(SHIMANE_TRANS_FILE)
      7 df_izumo_tourism = pd.read_csv(IZUMO_TOURISM_FILE)

File ~/wsl-work/projects/inn-forecast/.venv/lib/python3.12/site-packages/pandas/io/parsers/readers.py:873, in read_csv(filepath_or_buffer, sep, delimiter, header, names, index_col, usecols, dtype, engine, converters, true_values, false_values, skipinitialspace, skiprows, skipfooter, nrows, na_values, keep_default_na, na_filter, skip_blank_lines, parse_dates, date_format, dayfirst, cache_dates, iterator, chunksize, compression, thousands, decimal, lineterminator, quotechar, quoting, doublequote, escapechar, comment, encoding, encoding_errors, dialect, on_bad_lines, low_memory, memory_map, float_precision, storage_options, dtype_backend)
    861 kwds_defaults = _refine_defaults_read(
    862     dialect,
    863     delimiter,
   (...)    869     dtype_backend=dtype_backend,
    870 )
    871 kwds.update(kwds_defaults)
--> 873 return _read(filepath_or_buffer, kwds)

File ~/wsl-work/projects/inn-forecast/.venv/lib/python3.12/site-packages/pandas/io/parsers/readers.py:300, in _read(filepath_or_buffer, kwds)
    297 _validate_names(kwds.get("names", None))
    299 # Create the parser.
--> 300 parser = TextFileReader(filepath_or_buffer, **kwds)
    302 if chunksize or iterator:
    303     return parser

File ~/wsl-work/projects/inn-forecast/.venv/lib/python3.12/site-packages/pandas/io/parsers/readers.py:1645, in TextFileReader.__init__(self, f, engine, **kwds)
   1642     self.options["has_index_names"] = kwds["has_index_names"]
   1644 self.handles: IOHandles | None = None
-> 1645 self._engine = self._make_engine(f, self.engine)

File ~/wsl-work/projects/inn-forecast/.venv/lib/python3.12/site-packages/pandas/io/parsers/readers.py:1904, in TextFileReader._make_engine(self, f, engine)
   1902     if "b" not in mode:
   1903         mode += "b"
-> 1904 self.handles = get_handle(
   1905     f,
   1906     mode,
   1907     encoding=self.options.get("encoding", None),
   1908     compression=self.options.get("compression", None),
   1909     memory_map=self.options.get("memory_map", False),
   1910     is_text=is_text,
   1911     errors=self.options.get("encoding_errors", "strict"),
   1912     storage_options=self.options.get("storage_options", None),
   1913 )
   1914 assert self.handles is not None
   1915 f = self.handles.handle

File ~/wsl-work/projects/inn-forecast/.venv/lib/python3.12/site-packages/pandas/io/common.py:930, in get_handle(path_or_buf, mode, encoding, compression, memory_map, is_text, errors, storage_options)
    925 elif isinstance(handle, str):
    926     # Check whether the filename is to be opened in binary mode.
    927     # Binary mode does not support 'encoding' and 'newline'.
    928     if ioargs.encoding and "b" not in ioargs.mode:
    929         # Encoding
--> 930         handle = open(
    931             handle,
    932             ioargs.mode,
    933             encoding=ioargs.encoding,
    934             errors=errors,
    935             newline="",
    936         )
    937     else:
    938         # Binary mode
    939         handle = open(handle, ioargs.mode)

FileNotFoundError: [Errno 2] No such file or directory: '/content/drive/MyDrive/010_OSS-Vision/010_事業/010-10_パートナー/島根県/DX推進/20260318セミナー/プログラム/040_事例紹介/旅館宿泊数予測PoC/Datas/Shimane/shimane_tourism.csv'

